Build started 9/9/2015 10:51:17 AM.
     1>Project "C:\Users\Anne\Documents\Visual Studio 2013\cs418_mp2_aomclau2\cs418_mp2_aomclau2\FlightSimulator\FlightSimulator\FlightSimulator.vcxproj" on node 2 (Build target(s)).
     1>ClCompile:
         C:\Program Files (x86)\Microsoft Visual Studio 12.0\VC\bin\CL.exe /c /ZI /nologo /W3 /WX- /sdl /Od /Oy- /D WIN32 /D _DEBUG /D _CONSOLE /D _LIB /D _UNICODE /D UNICODE /Gm /EHsc /RTC1 /MDd /GS /fp:precise /Zc:wchar_t /Zc:forScope /Yc"stdafx.h" /Fp"Debug\FlightSimulator.pch" /Fo"Debug\\" /Fd"Debug\vc120.pdb" /Gd /TP /analyze- /errorReport:prompt stdafx.cpp
         stdafx.cpp
         C:\Program Files (x86)\Microsoft Visual Studio 12.0\VC\bin\CL.exe /c /ZI /nologo /W3 /WX- /sdl /Od /Oy- /D WIN32 /D _DEBUG /D _CONSOLE /D _LIB /D _UNICODE /D UNICODE /Gm /EHsc /RTC1 /MDd /GS /fp:precise /Zc:wchar_t /Zc:forScope /Yu"stdafx.h" /Fp"Debug\FlightSimulator.pch" /Fo"Debug\\" /Fd"Debug\vc120.pdb" /Gd /TP /analyze- /errorReport:prompt mountain.cpp
         mountain.cpp
     1>c:\users\anne\documents\visual studio 2013\cs418_mp2_aomclau2\cs418_mp2_aomclau2\flightsimulator\flightsimulator\mountain.cpp(123): warning C4244: '=' : conversion from 'double' to 'float', possible loss of data
     1>c:\users\anne\documents\visual studio 2013\cs418_mp2_aomclau2\cs418_mp2_aomclau2\flightsimulator\flightsimulator\mountain.cpp(124): warning C4244: '=' : conversion from 'double' to 'float', possible loss of data
     1>c:\users\anne\documents\visual studio 2013\cs418_mp2_aomclau2\cs418_mp2_aomclau2\flightsimulator\flightsimulator\mountain.cpp(125): warning C4244: '=' : conversion from 'double' to 'float', possible loss of data
     1>c:\users\anne\documents\visual studio 2013\cs418_mp2_aomclau2\cs418_mp2_aomclau2\flightsimulator\flightsimulator\mountain.cpp(127): warning C4244: '=' : conversion from 'double' to 'float', possible loss of data
     1>c:\users\anne\documents\visual studio 2013\cs418_mp2_aomclau2\cs418_mp2_aomclau2\flightsimulator\flightsimulator\mountain.cpp(128): warning C4244: '=' : conversion from 'double' to 'float', possible loss of data
     1>c:\users\anne\documents\visual studio 2013\cs418_mp2_aomclau2\cs418_mp2_aomclau2\flightsimulator\flightsimulator\mountain.cpp(129): warning C4244: '=' : conversion from 'double' to 'float', possible loss of data
     1>c:\users\anne\documents\visual studio 2013\cs418_mp2_aomclau2\cs418_mp2_aomclau2\flightsimulator\flightsimulator\mountain.cpp(131): warning C4244: '=' : conversion from 'double' to 'float', possible loss of data
     1>c:\users\anne\documents\visual studio 2013\cs418_mp2_aomclau2\cs418_mp2_aomclau2\flightsimulator\flightsimulator\mountain.cpp(132): warning C4244: '=' : conversion from 'double' to 'float', possible loss of data
     1>c:\users\anne\documents\visual studio 2013\cs418_mp2_aomclau2\cs418_mp2_aomclau2\flightsimulator\flightsimulator\mountain.cpp(133): warning C4244: '=' : conversion from 'double' to 'float', possible loss of data
     1>c:\users\anne\documents\visual studio 2013\cs418_mp2_aomclau2\cs418_mp2_aomclau2\flightsimulator\flightsimulator\mountain.cpp(138): warning C4244: '+=' : conversion from 'double' to 'float', possible loss of data
     1>c:\users\anne\documents\visual studio 2013\cs418_mp2_aomclau2\cs418_mp2_aomclau2\flightsimulator\flightsimulator\mountain.cpp(140): warning C4244: '+=' : conversion from 'double' to 'float', possible loss of data
     1>c:\users\anne\documents\visual studio 2013\cs418_mp2_aomclau2\cs418_mp2_aomclau2\flightsimulator\flightsimulator\mountain.cpp(142): warning C4244: '+=' : conversion from 'double' to 'float', possible loss of data
     1>c:\users\anne\documents\visual studio 2013\cs418_mp2_aomclau2\cs418_mp2_aomclau2\flightsimulator\flightsimulator\mountain.cpp(184): warning C4305: '=' : truncation from 'double' to 'float'
     1>c:\users\anne\documents\visual studio 2013\cs418_mp2_aomclau2\cs418_mp2_aomclau2\flightsimulator\flightsimulator\mountain.cpp(193): warning C4305: 'initializing' : truncation from 'double' to 'GLfloat'
     1>c:\users\anne\documents\visual studio 2013\cs418_mp2_aomclau2\cs418_mp2_aomclau2\flightsimulator\flightsimulator\mountain.cpp(194): warning C4305: 'initializing' : truncation from 'double' to 'GLfloat'
     1>c:\users\anne\documents\visual studio 2013\cs418_mp2_aomclau2\cs418_mp2_aomclau2\flightsimulator\flightsimulator\mountain.cpp(196): warning C4305: 'initializing' : truncation from 'double' to 'GLfloat'
     1>c:\users\anne\documents\visual studio 2013\cs418_mp2_aomclau2\cs418_mp2_aomclau2\flightsimulator\flightsimulator\mountain.cpp(197): warning C4305: 'initializing' : truncation from 'double' to 'GLfloat'
     1>c:\users\anne\documents\visual studio 2013\cs418_mp2_aomclau2\cs418_mp2_aomclau2\flightsimulator\flightsimulator\mountain.cpp(229): warning C4244: 'argument' : conversion from 'double' to 'GLfloat', possible loss of data
     1>c:\users\anne\documents\visual studio 2013\cs418_mp2_aomclau2\cs418_mp2_aomclau2\flightsimulator\flightsimulator\mountain.cpp(272): warning C4305: '-=' : truncation from 'double' to 'float'
     1>c:\users\anne\documents\visual studio 2013\cs418_mp2_aomclau2\cs418_mp2_aomclau2\flightsimulator\flightsimulator\mountain.cpp(276): warning C4305: '+=' : truncation from 'double' to 'float'
     1>c:\users\anne\documents\visual studio 2013\cs418_mp2_aomclau2\cs418_mp2_aomclau2\flightsimulator\flightsimulator\mountain.cpp(285): warning C4244: '=' : conversion from 'double' to 'float', possible loss of data
     1>c:\users\anne\documents\visual studio 2013\cs418_mp2_aomclau2\cs418_mp2_aomclau2\flightsimulator\flightsimulator\mountain.cpp(286): warning C4244: '=' : conversion from 'double' to 'float', possible loss of data
     1>c:\users\anne\documents\visual studio 2013\cs418_mp2_aomclau2\cs418_mp2_aomclau2\flightsimulator\flightsimulator\mountain.cpp(287): warning C4244: '=' : conversion from 'double' to 'float', possible loss of data
     1>c:\users\anne\documents\visual studio 2013\cs418_mp2_aomclau2\cs418_mp2_aomclau2\flightsimulator\flightsimulator\mountain.cpp(297): warning C4244: '=' : conversion from 'double' to 'float', possible loss of data
     1>c:\users\anne\documents\visual studio 2013\cs418_mp2_aomclau2\cs418_mp2_aomclau2\flightsimulator\flightsimulator\mountain.cpp(298): warning C4244: '=' : conversion from 'double' to 'float', possible loss of data
     1>c:\users\anne\documents\visual studio 2013\cs418_mp2_aomclau2\cs418_mp2_aomclau2\flightsimulator\flightsimulator\mountain.cpp(299): warning C4244: '=' : conversion from 'double' to 'float', possible loss of data
       Link:
         C:\Program Files (x86)\Microsoft Visual Studio 12.0\VC\bin\link.exe /ERRORREPORT:PROMPT /OUT:"C:\Users\Anne\Documents\Visual Studio 2013\cs418_mp2_aomclau2\cs418_mp2_aomclau2\FlightSimulator\Debug\FlightSimulator.exe" /INCREMENTAL /NOLOGO opengl32.lib glu32.lib kernel32.lib user32.lib gdi32.lib winspool.lib comdlg32.lib advapi32.lib shell32.lib ole32.lib oleaut32.lib uuid.lib odbc32.lib odbccp32.lib kernel32.lib user32.lib gdi32.lib winspool.lib comdlg32.lib advapi32.lib shell32.lib ole32.lib oleaut32.lib uuid.lib odbc32.lib odbccp32.lib /MANIFEST /MANIFESTUAC:"level='asInvoker' uiAccess='false'" /manifest:embed /DEBUG /PDB:"C:\Users\Anne\Documents\Visual Studio 2013\cs418_mp2_aomclau2\cs418_mp2_aomclau2\FlightSimulator\Debug\FlightSimulator.pdb" /SUBSYSTEM:CONSOLE /TLBID:1 /DYNAMICBASE /NXCOMPAT /IMPLIB:"C:\Users\Anne\Documents\Visual Studio 2013\cs418_mp2_aomclau2\cs418_mp2_aomclau2\FlightSimulator\Debug\FlightSimulator.lib" /MACHINE:X86 Debug\mountain.obj
         Debug\stdafx.obj
         FlightSimulator.vcxproj -> C:\Users\Anne\Documents\Visual Studio 2013\cs418_mp2_aomclau2\cs418_mp2_aomclau2\FlightSimulator\Debug\FlightSimulator.exe
     1>Done Building Project "C:\Users\Anne\Documents\Visual Studio 2013\cs418_mp2_aomclau2\cs418_mp2_aomclau2\FlightSimulator\FlightSimulator\FlightSimulator.vcxproj" (Build target(s)).

Build succeeded.

Time Elapsed 00:00:01.11
